<?xml version="1.0" encoding="UTF-8"?>
<testsuite xmlns:xsi="http://www.w3.org/2001/XMLSchema-instance" xsi:noNamespaceSchemaLocation="https://maven.apache.org/surefire/maven-surefire-plugin/xsd/surefire-test-report.xsd" name="com.miniproject.three.ProductServiceImplTest" time="0.154" tests="4" errors="0" skipped="0" failures="0">
  <properties>
[...]
</properties>
  <testcase name="testGetProductByIdNotFound" classname="com.miniproject.three.ProductServiceImplTest" time="0.126"/>
  <testcase name="testCreateProduct" classname="com.miniproject.three.ProductServiceImplTest" time="0"/>
  <testcase name="testGetProductById" classname="com.miniproject.three.ProductServiceImplTest" time="0.001"/>
  <testcase name="testGetAllProducts" classname="com.miniproject.three.ProductServiceImplTest" time="0"/>
</testsuite>