<?xml version="1.0" encoding="UTF-8"?>
<testsuite xmlns:xsi="http://www.w3.org/2001/XMLSchema-instance" xsi:noNamespaceSchemaLocation="https://maven.apache.org/surefire/maven-surefire-plugin/xsd/surefire-test-report.xsd" name="com.miniproject.three.UserInterfaceServiceImplTest" time="0.061" tests="15" errors="0" skipped="0" failures="0">
  <properties>
[...]
</properties>
  <testcase name="testPrintDataCartNotFound" classname="com.miniproject.three.UserInterfaceServiceImplTest" time="0.002"/>
  <testcase name="testPrintCart" classname="com.miniproject.three.UserInterfaceServiceImplTest" time="0.007"/>
  <testcase name="testPrintDataBookProduct" classname="com.miniproject.three.UserInterfaceServiceImplTest" time="0.013"/>
  <testcase name="testPrintTable" classname="com.miniproject.three.UserInterfaceServiceImplTest" time="0.003"/>
  <testcase name="testPrintDataCart" classname="com.miniproject.three.UserInterfaceServiceImplTest" time="0.004"/>
  <testcase name="testPrintDataProductNotFound" classname="com.miniproject.three.UserInterfaceServiceImplTest" time="0.002"/>
  <testcase name="testPrintDataClothingProduct" classname="com.miniproject.three.UserInterfaceServiceImplTest" time="0.004"/>
  <testcase name="testPrintDataElectronicProduct" classname="com.miniproject.three.UserInterfaceServiceImplTest" time="0.003"/>
  <testcase name="testPrintDataFurnitureProduct" classname="com.miniproject.three.UserInterfaceServiceImplTest" time="0.003"/>
  <testcase name="testPrintCartHeader" classname="com.miniproject.three.UserInterfaceServiceImplTest" time="0.002"/>
  <testcase name="testPrintCartHistory" classname="com.miniproject.three.UserInterfaceServiceImplTest" time="0.005"/>
  <testcase name="testPrintDataFoodProduct" classname="com.miniproject.three.UserInterfaceServiceImplTest" time="0.005"/>
  <testcase name="testPrintProductRow" classname="com.miniproject.three.UserInterfaceServiceImplTest" time="0.002"/>
  <testcase name="testPrintProductFooter" classname="com.miniproject.three.UserInterfaceServiceImplTest" time="0.001"/>
  <testcase name="testPrintProductHeader" classname="com.miniproject.three.UserInterfaceServiceImplTest" time="0.002"/>
</testsuite>