<?xml version="1.0" encoding="UTF-8" ?>
<testsuite tests="25" failures="0" name="com.miniproject.two.BasicBookTest" time="0.02" errors="0" skipped="0">
  <properties>
[...]
</properties>
  <testcase classname="com.miniproject.two.BasicBookTest" name="testGetNationality" time="0.017"/>
  <testcase classname="com.miniproject.two.BasicBookTest" name="testGetGenre" time="0"/>
  <testcase classname="com.miniproject.two.BasicBookTest" name="testGetTitle" time="0.001"/>
  <testcase classname="com.miniproject.two.BasicBookTest" name="testSetPublishedYear" time="0"/>
  <testcase classname="com.miniproject.two.BasicBookTest" name="testSetPublisherName" time="0"/>
  <testcase classname="com.miniproject.two.BasicBookTest" name="testGetBorrowedByUserName" time="0"/>
  <testcase classname="com.miniproject.two.BasicBookTest" name="testSetSubgenre" time="0"/>
  <testcase classname="com.miniproject.two.BasicBookTest" name="testGetSubgenre" time="0"/>
  <testcase classname="com.miniproject.two.BasicBookTest" name="testSetPublicationFormat" time="0"/>
  <testcase classname="com.miniproject.two.BasicBookTest" name="testGetISBN" time="0"/>
  <testcase classname="com.miniproject.two.BasicBookTest" name="testIsAvailable" time="0"/>
  <testcase classname="com.miniproject.two.BasicBookTest" name="testGetDeweyDecimal" time="0"/>
  <testcase classname="com.miniproject.two.BasicBookTest" name="testGetPublicationFormat" time="0"/>
  <testcase classname="com.miniproject.two.BasicBookTest" name="testGetPublishedYear" time="0"/>
  <testcase classname="com.miniproject.two.BasicBookTest" name="testGetPublisherName" time="0"/>
  <testcase classname="com.miniproject.two.BasicBookTest" name="testSetNationality" time="0.001"/>
  <testcase classname="com.miniproject.two.BasicBookTest" name="testSetAuthor" time="0"/>
  <testcase classname="com.miniproject.two.BasicBookTest" name="testSetDeweyDecimal" time="0"/>
  <testcase classname="com.miniproject.two.BasicBookTest" name="testGetAuthor" time="0"/>
  <testcase classname="com.miniproject.two.BasicBookTest" name="testGetBookId" time="0"/>
  <testcase classname="com.miniproject.two.BasicBookTest" name="testSetISBN" time="0"/>
  <testcase classname="com.miniproject.two.BasicBookTest" name="testSetBorrowedByUserName" time="0"/>
  <testcase classname="com.miniproject.two.BasicBookTest" name="testSetAvailable" time="0"/>
  <testcase classname="com.miniproject.two.BasicBookTest" name="testSetGenre" time="0.001"/>
  <testcase classname="com.miniproject.two.BasicBookTest" name="testSetTitle" time="0"/>
</testsuite>