<?xml version="1.0" encoding="UTF-8"?>
<testsuite xmlns:xsi="http://www.w3.org/2001/XMLSchema-instance" xsi:noNamespaceSchemaLocation="https://maven.apache.org/surefire/maven-surefire-plugin/xsd/surefire-test-report.xsd" name="com.miniproject.two.BasicMainTest" time="0.023" tests="10" errors="0" skipped="0" failures="0">
  <properties>
[...]
</properties>
  <testcase name="testShowBookById" classname="com.miniproject.two.BasicMainTest" time="0.009"/>
  <testcase name="testSearchBooksInterface" classname="com.miniproject.two.BasicMainTest" time="0.004"/>
  <testcase name="testReturnBookInterface" classname="com.miniproject.two.BasicMainTest" time="0.001"/>
  <testcase name="testAddBookInterface" classname="com.miniproject.two.BasicMainTest" time="0.001"/>
  <testcase name="testShowBooks" classname="com.miniproject.two.BasicMainTest" time="0.001"/>
  <testcase name="testUpdateBook" classname="com.miniproject.two.BasicMainTest" time="0.001"/>
  <testcase name="testBorrowBookInterface" classname="com.miniproject.two.BasicMainTest" time="0.001"/>
  <testcase name="testPrintWelcomeMessage" classname="com.miniproject.two.BasicMainTest" time="0"/>
  <testcase name="testPrintMainMenu" classname="com.miniproject.two.BasicMainTest" time="0"/>
  <testcase name="testRemoveBookInterface" classname="com.miniproject.two.BasicMainTest" time="0.005"/>
</testsuite>