<?xml version="1.0" encoding="UTF-8"?>
<testsuite xmlns:xsi="http://www.w3.org/2001/XMLSchema-instance" xsi:noNamespaceSchemaLocation="https://maven.apache.org/surefire/maven-surefire-plugin/xsd/surefire-test-report.xsd" name="com.miniproject.two.MainTest" time="0.118" tests="12" errors="1" skipped="0" failures="1">
  <properties>
[...]
</properties>
  <testcase name="testShowBookById" classname="com.miniproject.two.MainTest" time="0.029"/>
  <testcase name="testSearchBooksInterface" classname="com.miniproject.two.MainTest" time="0.006"/>
  <testcase name="testReturnBookInterface" classname="com.miniproject.two.MainTest" time="0.013"/>
  <testcase name="testAddBookInterface" classname="com.miniproject.two.MainTest" time="0.001"/>
  <testcase name="testShowBooks" classname="com.miniproject.two.MainTest" time="0.002"/>
  <testcase name="testUpdateBook" classname="com.miniproject.two.MainTest" time="0.001"/>
  <testcase name="testPrintMiniMenu_ExpandManageBook" classname="com.miniproject.two.MainTest" time="0.017">
    <error message="No line found" type="java.util.NoSuchElementException">java.util.NoSuchElementException: No line found
	at com.miniproject.two.MainTest.testPrintMiniMenu_ExpandManageBook(MainTest.java:207)
</error>
  </testcase>
  <testcase name="testBorrowBookInterface" classname="com.miniproject.two.MainTest" time="0.002"/>
  <testcase name="testPrintWelcomeMessage" classname="com.miniproject.two.MainTest" time="0.001"/>
  <testcase name="testPrintMiniMenu_InvalidOption" classname="com.miniproject.two.MainTest" time="0.004">
    <failure type="java.lang.AssertionError">java.lang.AssertionError
	at com.miniproject.two.MainTest.testPrintMiniMenu_InvalidOption(MainTest.java:222)
</failure>
  </testcase>
  <testcase name="testPrintMainMenu" classname="com.miniproject.two.MainTest" time="0"/>
  <testcase name="testRemoveBookInterface" classname="com.miniproject.two.MainTest" time="0.002"/>
</testsuite>